<?xml version="1.0" encoding="UTF-8"?>
<!-- Generated by org.testng.reporters.JUnitReportReporter -->
<testsuite hostname="Ashiqs-MBP.lan" failures="0" tests="4" name="tests.ProductTest" time="1.212" errors="0" timestamp="2024-12-06T19:05:57 GMT-05:00" skipped="0">
  <testcase classname="tests.ProductTest" name="verifyGetRequest" time="0.298"/>
  <testcase classname="tests.ProductTest" name="verifyAddProduct" time="0.467"/>
  <testcase classname="tests.ProductTest" name="verifyEndToEndCallFlow" time="0.308"/>
  <testcase classname="tests.ProductTest" name="verifyAddProductMap" time="0.139"/>
</testsuite> <!-- tests.ProductTest -->
