<?xml version="1.0" encoding="UTF-8"?>
<!-- Generated by org.testng.reporters.JUnitReportReporter -->
<testsuite hostname="Ashiqs-MBP.lan" failures="0" tests="4" name="tests.ProductTest" time="1.618" errors="0" timestamp="2024-12-05T23:28:43 GMT-05:00" skipped="0">
  <testcase classname="tests.ProductTest" name="verifyGetRequest" time="0.491"/>
  <testcase classname="tests.ProductTest" name="verifyAddProduct" time="0.672"/>
  <testcase classname="tests.ProductTest" name="verifyAddProductMap" time="0.147"/>
  <testcase classname="tests.ProductTest" name="verifyEndToEndCallFlow" time="0.308"/>
</testsuite> <!-- tests.ProductTest -->
